{
  "RSpec": {
    "coverage": {
      "/Users/chrisromero/turing/1module/projects/night_writer/lib/english_braille_map.rb": {
        "lines": [
          1,
          null,
          1,
          null,
          1,
          2,
          2,
          null,
          null,
          1,
          null,
          46,
          null,
          null,
          1,
          2,
          2,
          2,
          2,
          2,
          2,
          2,
          null,
          null,
          1,
          2,
          2,
          2,
          2,
          2,
          2,
          2,
          null,
          null,
          1,
          2,
          2,
          2,
          2,
          2,
          2,
          2,
          null,
          null,
          1,
          2,
          2,
          2,
          2,
          2,
          2,
          null,
          null,
          1,
          2,
          2,
          2,
          2,
          null,
          null,
          1,
          2,
          2,
          2,
          2,
          42,
          null,
          null,
          null,
          null
        ]
      }
    },
    "timestamp": 1646640348
  }
}
